<?xml version="1.0" encoding="UTF-8"?>
<!-- Generated by org.testng.reporters.JUnitReportReporter -->
<testsuite skipped="0" hostname="DESKTOP-OEFNCNE" name="TestCash.Application" tests="1" failures="0" timestamp="10 Nov 2018 18:37:49 GMT" time="29.830" errors="0">
  <testcase name="FrameTest" time="29.830" classname="TestCash.Application"/>
</testsuite> <!-- TestCash.Application -->
