<?xml version="1.0" encoding="UTF-8"?>
<!-- Generated by org.testng.reporters.JUnitReportReporter -->
<testsuite skipped="0" hostname="DESKTOP-OEFNCNE" name="WebsiteCheck.TestCash" tests="1" failures="0" timestamp="22 Nov 2018 18:08:21 GMT" time="32.388" errors="0">
  <testcase name="FoodTest" time="32.388" classname="WebsiteCheck.TestCash"/>
</testsuite> <!-- WebsiteCheck.TestCash -->
