<?xml version="1.0" encoding="UTF-8"?>
<!-- Generated by org.testng.reporters.JUnitReportReporter -->
<testsuite skipped="0" hostname="DESKTOP-OEFNCNE" name="Iframe.Iframe" tests="1" failures="0" timestamp="20 Nov 2018 16:52:07 GMT" time="18.881" errors="0">
  <testcase name="FrameTest" time="18.881" classname="Iframe.Iframe"/>
</testsuite> <!-- Iframe.Iframe -->
