<?xml version="1.0" encoding="UTF-8"?>
<!-- Generated by org.testng.reporters.JUnitReportReporter -->
<testsuite skipped="0" hostname="DESKTOP-OEFNCNE" name="Test3.Login" tests="1" failures="0" timestamp="18 Nov 2018 16:29:45 GMT" time="26.187" errors="0">
  <testcase name="loginTest" time="26.187" classname="Test3.Login"/>
</testsuite> <!-- Test3.Login -->
